\BOOKMARK [0][-]{chapter*.1}{\376\377\000A\000c\000k\000n\000o\000w\000l\000e\000d\000g\000e\000m\000e\000n\000t\000s}{}% 1
\BOOKMARK [0][-]{chapter.1}{\376\377\000I\000n\000t\000r\000o\000d\000u\000c\000t\000i\000o\000n}{}% 2
\BOOKMARK [1][-]{section.1.1}{\376\377\000H\000a\000s\000h\000\040\000F\000u\000n\000c\000t\000i\000o\000n}{chapter.1}% 3
\BOOKMARK [1][-]{section.1.2}{\376\377\000N\000o\000t\000a\000t\000i\000o\000n\000\040\000/\000\040\000P\000r\000e\000l\000i\000m\000i\000n\000a\000r\000i\000e\000s}{chapter.1}% 4
\BOOKMARK [0][-]{chapter.2}{\376\377\000A\000b\000o\000u\000t\000\040\000M\000D\0005}{}% 5
\BOOKMARK [1][-]{section.2.1}{\376\377\000D\000e\000f\000i\000n\000i\000t\000i\000o\000n}{chapter.2}% 6
\BOOKMARK [1][-]{section.2.2}{\376\377\000A\000l\000g\000o\000r\000i\000t\000h\000m}{chapter.2}% 7
\BOOKMARK [0][-]{chapter.3}{\376\377\000\040\000C\000o\000l\000l\000i\000s\000i\000o\000n\000\040\000F\000i\000n\000d\000i\000n\000g}{}% 8
\BOOKMARK [1][-]{section.3.1}{\376\377\000A\000b\000o\000u\000t\000\040\000c\000o\000l\000l\000i\000s\000i\000o\000n\000s\000\040}{chapter.3}% 9
\BOOKMARK [1][-]{section.3.2}{\376\377\000D\000i\000f\000f\000e\000r\000e\000n\000t\000i\000a\000l\000\040\000P\000a\000t\000h}{chapter.3}% 10
\BOOKMARK [1][-]{section.3.3}{\376\377\000B\000i\000t\000\040\000C\000o\000n\000d\000i\000t\000i\000o\000n\000s}{chapter.3}% 11
\BOOKMARK [1][-]{section.3.4}{\376\377\000S\000e\000c\000o\000n\000d\000\040\000P\000r\000e\000i\000m\000a\000g\000e\000\040\000R\000e\000s\000i\000s\000t\000a\000n\000c\000e}{chapter.3}% 12
\BOOKMARK [1][-]{section.3.5}{\376\377\000A\000b\000o\000u\000t\000\040\000C\000o\000d\000e}{chapter.3}% 13
\BOOKMARK [0][-]{chapter.4}{\376\377\000D\000i\000f\000f\000e\000r\000e\000n\000c\000e\000s\000\040\000b\000e\000t\000w\000e\000e\000n\000\040\000S\000t\000e\000v\000e\000n\000\040\000a\000n\000d\000\040\000W\000a\000n\000g}{}% 14
\BOOKMARK [0][-]{chapter.5}{\376\377\000O\000t\000h\000e\000r\000c\000o\000l\000l\000s}{}% 15
\BOOKMARK [0][-]{chapter.6}{\376\377\000S\000H\000A\0001}{}% 16
\BOOKMARK [0][-]{chapter.7}{\376\377\000C\000o\000n\000c\000l\000u\000s\000i\000o\000n}{}% 17
\BOOKMARK [0][-]{chapter*.9}{\376\377\000B\000i\000b\000l\000i\000o\000g\000r\000a\000p\000h\000y}{}% 18
\BOOKMARK [0][-]{appendix.A}{\376\377\000T\000a\000b\000l\000e\000s}{}% 19
\BOOKMARK [0][-]{appendix.B}{\376\377\000C\000o\000d\000e}{}% 20
\BOOKMARK [1][-]{section.B.1}{\376\377\000N\000o\000t\000a\000t\000i\000o\000n\000\040\000H\000e\000l\000p\000e\000r\000\040\000a\000n\000d\000\040\000I\000d\000e\000a\000s}{appendix.B}% 21
\BOOKMARK [0][-]{appendix*.12}{\376\377\000L\000i\000s\000t\000\040\000o\000f\000\040\000f\000i\000g\000u\000r\000e\000s}{}% 22
\BOOKMARK [0][-]{appendix*.13}{\376\377\000L\000i\000s\000t\000\040\000o\000f\000\040\000a\000l\000g\000o\000r\000i\000t\000h\000m\000s}{}% 23
\BOOKMARK [0][-]{appendix*.13}{\376\377\000E\000r\000k\000l\000\344\000r\000u\000n\000g}{}% 24
